This is pdfTeX, Version 3.1415926-2.3-1.40.12 (MiKTeX 2.9) (preloaded format=pdflatex 2016.1.30)  25 AUG 2016 19:59
entering extended mode
**DatasetHeterogeneity_2016-08-28.tex

(C:\Users\zhang\Dropbox\Work\GiovanniParmigiani\dataset-heterogeneity\DatasetHe
terogeneity_2016-08-28.tex
LaTeX2e <2011/06/27>
Babel <v3.8m> and hyphenation patterns for loaded.

(C:\Users\zhang\Dropbox\Work\GiovanniParmigiani\dataset-heterogeneity\bioinfo.c
ls
Document Class: bioinfo 2003/02/08 0.1
(C:\CTEX\MiKTeX\tex\latex\base\inputenc.sty
Package: inputenc 2008/03/30 v1.1d Input encoding file
\inpenc@prehook=\toks14
\inpenc@posthook=\toks15
)
(C:\Users\zhang\Dropbox\Work\GiovanniParmigiani\dataset-heterogeneity\crop.sty
Package: crop 2001/11/16 v1.6 cropmarks (mf)
\CROP@width=\dimen102
\CROP@height=\dimen103
\CROP@index=\count79

(C:\CTEX\MiKTeX\tex\latex\graphics\graphics.sty
Package: graphics 2009/02/05 v1.0o Standard LaTeX Graphics (DPC,SPQR)

(C:\CTEX\MiKTeX\tex\latex\graphics\trig.sty
Package: trig 1999/03/16 v1.09 sin cos tan (DPC)
)
(C:\CTEX\MiKTeX\tex\latex\00miktex\graphics.cfg
File: graphics.cfg 2007/01/18 v1.5 graphics configuration of teTeX/TeXLive
)
Package graphics Info: Driver file: pdftex.def on input line 91.

(C:\CTEX\MiKTeX\tex\latex\pdftex-def\pdftex.def
File: pdftex.def 2011/05/27 v0.06d Graphics/color for pdfTeX

(C:\CTEX\MiKTeX\tex\generic\oberdiek\infwarerr.sty
Package: infwarerr 2010/04/08 v1.3 Providing info/warning/message (HO)
)
(C:\CTEX\MiKTeX\tex\generic\oberdiek\ltxcmds.sty
Package: ltxcmds 2011/04/18 v1.20 LaTeX kernel commands for general use (HO)
)
\Gread@gobject=\count80
))
\CROP@offset=\count81
Package crop Info: Local config file crop.cfg used on input line 344.

(C:\Users\zhang\Dropbox\Work\GiovanniParmigiani\dataset-heterogeneity\crop.cfg)
)
Package crop Info: using pdf(la)tex graphics driver on input line 33.

(C:\Users\zhang\Dropbox\Work\GiovanniParmigiani\dataset-heterogeneity\graphicx.
sty
Package: graphicx 1999/02/16 v1.0f Enhanced LaTeX Graphics (DPC,SPQR)
 (C:\CTEX\MiKTeX\tex\latex\graphics\keyval.sty
Package: keyval 1999/03/16 v1.13 key=value parser (DPC)
\KV@toks@=\toks16
)
\Gin@req@height=\dimen104
\Gin@req@width=\dimen105
)
(C:\CTEX\MiKTeX\tex\latex\ams\math\amsmath.sty
Package: amsmath 2000/07/18 v2.13 AMS math features
\@mathmargin=\skip41

For additional information on amsmath, use the `?' option.
(C:\CTEX\MiKTeX\tex\latex\ams\math\amstext.sty
Package: amstext 2000/06/29 v2.01

(C:\CTEX\MiKTeX\tex\latex\ams\math\amsgen.sty
File: amsgen.sty 1999/11/30 v2.0
\@emptytoks=\toks17
\ex@=\dimen106
))
(C:\CTEX\MiKTeX\tex\latex\ams\math\amsbsy.sty
Package: amsbsy 1999/11/29 v1.2d
\pmbraise@=\dimen107
)
(C:\CTEX\MiKTeX\tex\latex\ams\math\amsopn.sty
Package: amsopn 1999/12/14 v2.01 operator names
)
\inf@bad=\count82
LaTeX Info: Redefining \frac on input line 211.
\uproot@=\count83
\leftroot@=\count84
LaTeX Info: Redefining \overline on input line 307.
\classnum@=\count85
\DOTSCASE@=\count86
LaTeX Info: Redefining \ldots on input line 379.
LaTeX Info: Redefining \dots on input line 382.
LaTeX Info: Redefining \cdots on input line 467.
\Mathstrutbox@=\box26
\strutbox@=\box27
\big@size=\dimen108
LaTeX Font Info:    Redeclaring font encoding OML on input line 567.
LaTeX Font Info:    Redeclaring font encoding OMS on input line 568.
\macc@depth=\count87
\c@MaxMatrixCols=\count88
\dotsspace@=\muskip10
\c@parentequation=\count89
\dspbrk@lvl=\count90
\tag@help=\toks18
\row@=\count91
\column@=\count92
\maxfields@=\count93
\andhelp@=\toks19
\eqnshift@=\dimen109
\alignsep@=\dimen110
\tagshift@=\dimen111
\tagwidth@=\dimen112
\totwidth@=\dimen113
\lineht@=\dimen114
\@envbody=\toks20
\multlinegap=\skip42
\multlinetaggap=\skip43
\mathdisplay@stack=\toks21
LaTeX Info: Redefining \[ on input line 2666.
LaTeX Info: Redefining \] on input line 2667.
)
(C:\Users\zhang\Dropbox\Work\GiovanniParmigiani\dataset-heterogeneity\array.sty
Package: array 1998/05/13 v2.3m Tabular extension package (FMi)
\col@sep=\dimen115
\extrarowheight=\dimen116
\NC@list=\toks22
\extratabsurround=\skip44
\backup@length=\skip45
)
(C:\Users\zhang\Dropbox\Work\GiovanniParmigiani\dataset-heterogeneity\color.sty
Package: color 1999/02/16 v1.0i Standard LaTeX Color (DPC)
(C:\CTEX\MiKTeX\tex\latex\00miktex\color.cfg
File: color.cfg 2007/01/18 v1.5 color configuration of teTeX/TeXLive
)
Package color Info: Driver file: pdftex.def on input line 125.
)
(C:\CTEX\MiKTeX\tex\latex\amsfonts\amssymb.sty
Package: amssymb 2009/06/22 v3.00

(C:\CTEX\MiKTeX\tex\latex\amsfonts\amsfonts.sty
Package: amsfonts 2009/06/22 v3.00 Basic AMSFonts support
\symAMSa=\mathgroup4
\symAMSb=\mathgroup5
LaTeX Font Info:    Overwriting math alphabet `\mathfrak' in version `bold'
(Font)                  U/euf/m/n --> U/euf/b/n on input line 96.
))
(C:\Users\zhang\Dropbox\Work\GiovanniParmigiani\dataset-heterogeneity\flushend.
sty
Package: flushend 1997/10/01
\@aaa=\box28
\@ccc=\box29
\@viper=\box30
\hold@viper=\box31
\atColsBreak=\toks23
\@extra@skip=\dimen117
\@nd@page@rule=\dimen118
)
(C:\Users\zhang\Dropbox\Work\GiovanniParmigiani\dataset-heterogeneity\stfloats.
sty
Package: stfloats 1999/10/22
\@dblbotnum=\count94
\c@dblbotnumber=\count95
) (C:\CTEX\MiKTeX\tex\latex\ams\classes\amsthm.sty
Package: amsthm 2004/08/06 v2.20
\thm@style=\toks24
\thm@bodyfont=\toks25
\thm@headfont=\toks26
\thm@notefont=\toks27
\thm@headpunct=\toks28
\thm@preskip=\skip46
\thm@postskip=\skip47
\thm@headsep=\skip48
\dth@everypar=\toks29
)
(C:\Users\zhang\Dropbox\Work\GiovanniParmigiani\dataset-heterogeneity\chngpage.
sty
Package: chngpage 2001/01/31 v1.1b change page layout
\c@cp@cnt=\count96
\c@cp@tempcnt=\count97
)
(C:\Users\zhang\Dropbox\Work\GiovanniParmigiani\dataset-heterogeneity\times.sty
Package: times 2000/01/12 PSNFSS-v8.1 Times font as default roman (SPQR) 
)
\c@section=\count98
\c@subsection=\count99
\c@subsubsection=\count100
\c@paragraph=\count101
\c@subparagraph=\count102
\c@figure=\count103
\c@table=\count104
\dropfromtop=\skip49
\extraspace=\skip50
\aboveskipchk=\skip51
\abovecaptionskip=\skip52
\belowcaptionskip=\skip53
\rotdimen=\dimen119
\tempdime=\dimen120
\temptbox=\box32

(C:\Users\zhang\Dropbox\Work\GiovanniParmigiani\dataset-heterogeneity\natbib.st
y
Package: natbib 2000/07/24 7.0a (PWD)
\bibhang=\skip54
\bibsep=\skip55
LaTeX Info: Redefining \cite on input line 508.
\c@NAT@ctr=\count105
)) (C:\CTEX\MiKTeX\tex\latex\multirow\multirow.sty
\bigstrutjot=\dimen121
)
(C:\CTEX\MiKTeX\tex\latex\booktabs\booktabs.sty
Package: booktabs 2005/04/14 v1.61803 publication quality tables
\heavyrulewidth=\dimen122
\lightrulewidth=\dimen123
\cmidrulewidth=\dimen124
\belowrulesep=\dimen125
\belowbottomsep=\dimen126
\aboverulesep=\dimen127
\abovetopsep=\dimen128
\cmidrulesep=\dimen129
\cmidrulekern=\dimen130
\defaultaddspace=\dimen131
\@cmidla=\count106
\@cmidlb=\count107
\@aboverulesep=\dimen132
\@belowrulesep=\dimen133
\@thisruleclass=\count108
\@lastruleclass=\count109
\@thisrulewidth=\dimen134
)
(C:\Users\zhang\Dropbox\Work\GiovanniParmigiani\dataset-heterogeneity\DatasetHe
terogeneity_2016-08-28.aux)
LaTeX Font Info:    Checking defaults for OML/cmm/m/it on input line 13.
LaTeX Font Info:    ... okay on input line 13.
LaTeX Font Info:    Checking defaults for T1/cmr/m/n on input line 13.
LaTeX Font Info:    ... okay on input line 13.
LaTeX Font Info:    Checking defaults for OT1/cmr/m/n on input line 13.
LaTeX Font Info:    ... okay on input line 13.
LaTeX Font Info:    Checking defaults for OMS/cmsy/m/n on input line 13.
LaTeX Font Info:    ... okay on input line 13.
LaTeX Font Info:    Checking defaults for OMX/cmex/m/n on input line 13.
LaTeX Font Info:    ... okay on input line 13.
LaTeX Font Info:    Checking defaults for U/cmr/m/n on input line 13.
LaTeX Font Info:    ... okay on input line 13.
LaTeX Font Info:    Try loading font information for OT1+ptm on input line 13.
 (C:\CTEX\MiKTeX\tex\latex\psnfss\ot1ptm.fd
File: ot1ptm.fd 2001/06/04 font definitions for OT1/ptm.
)
(C:\CTEX\MiKTeX\tex\context\base\supp-pdf.mkii
[Loading MPS to PDF converter (version 2006.09.02).]
\scratchcounter=\count110
\scratchdimen=\dimen135
\scratchbox=\box33
\nofMPsegments=\count111
\nofMParguments=\count112
\everyMPshowfont=\toks30
\MPscratchCnt=\count113
\MPscratchDim=\dimen136
\MPnumerator=\count114
\makeMPintoPDFobject=\count115
\everyMPtoPDFconversion=\toks31
)
LaTeX Font Info:    Try loading font information for OT1+phv on input line 29.
 (C:\CTEX\MiKTeX\tex\latex\psnfss\ot1phv.fd
File: ot1phv.fd 2001/06/04 scalable font definitions for OT1/phv.
)
LaTeX Font Info:    Font shape `OT1/phv/m/it' in size <9> not available
(Font)              Font shape `OT1/phv/m/sl' tried instead on input line 29.
LaTeX Font Info:    Font shape `OT1/phv/bx/it' in size <9> not available
(Font)              Font shape `OT1/phv/b/it' tried instead on input line 29.
LaTeX Font Info:    Font shape `OT1/phv/b/it' in size <9> not available
(Font)              Font shape `OT1/phv/b/sl' tried instead on input line 29.
LaTeX Font Info:    Font shape `OT1/phv/bx/it' in size <19> not available
(Font)              Font shape `OT1/phv/b/it' tried instead on input line 29.
LaTeX Font Info:    Font shape `OT1/phv/b/it' in size <19> not available
(Font)              Font shape `OT1/phv/b/sl' tried instead on input line 29.
LaTeX Font Info:    Font shape `OT1/phv/m/it' in size <8> not available
(Font)              Font shape `OT1/phv/m/sl' tried instead on input line 29.
LaTeX Font Info:    Font shape `OT1/phv/bx/n' in size <9> not available
(Font)              Font shape `OT1/phv/b/n' tried instead on input line 29.
LaTeX Font Info:    Font shape `OT1/phv/bx/n' in size <16> not available
(Font)              Font shape `OT1/phv/b/n' tried instead on input line 29.
LaTeX Font Info:    Calculating math sizes for size <13> on input line 29.


LaTeX Font Warning: Font shape `OT1/cmr/m/n' in size <13> not available
(Font)              size <12> substituted on input line 29.


LaTeX Font Warning: Font shape `OT1/cmr/m/n' in size <6.5> not available
(Font)              size <6> substituted on input line 29.


LaTeX Font Warning: Font shape `OML/cmm/m/it' in size <13> not available
(Font)              size <12> substituted on input line 29.


LaTeX Font Warning: Font shape `OML/cmm/m/it' in size <6.5> not available
(Font)              size <6> substituted on input line 29.


LaTeX Font Warning: Font shape `OMS/cmsy/m/n' in size <13> not available
(Font)              size <12> substituted on input line 29.


LaTeX Font Warning: Font shape `OMS/cmsy/m/n' in size <6.5> not available
(Font)              size <6> substituted on input line 29.

LaTeX Font Info:    Try loading font information for U+msa on input line 29.
(C:\CTEX\MiKTeX\tex\latex\amsfonts\umsa.fd
File: umsa.fd 2009/06/22 v3.00 AMS symbols A
)
LaTeX Font Info:    Try loading font information for U+msb on input line 29.

(C:\CTEX\MiKTeX\tex\latex\amsfonts\umsb.fd
File: umsb.fd 2009/06/22 v3.00 AMS symbols B
)
LaTeX Font Info:    Calculating math sizes for size <9.09996> on input line 29.



LaTeX Font Warning: Font shape `OT1/cmr/m/n' in size <4.54997> not available
(Font)              size <5> substituted on input line 29.


LaTeX Font Warning: Font shape `OML/cmm/m/it' in size <4.54997> not available
(Font)              size <5> substituted on input line 29.


LaTeX Font Warning: Font shape `OMS/cmsy/m/n' in size <4.54997> not available
(Font)              size <5> substituted on input line 29.


LaTeX Font Warning: Font shape `OT1/cmr/m/n' in size <7.5> not available
(Font)              size <7> substituted on input line 29.


LaTeX Font Warning: Font shape `OML/cmm/m/it' in size <7.5> not available
(Font)              size <7> substituted on input line 29.


LaTeX Font Warning: Font shape `OMS/cmsy/m/n' in size <7.5> not available
(Font)              size <7> substituted on input line 29.


Underfull \hbox (badness 10000) detected at line 29
[]
 []

LaTeX Font Info:    Font shape `OT1/phv/bx/n' in size <8> not available
(Font)              Font shape `OT1/phv/b/n' tried instead on input line 33.

Underfull \hbox (badness 3118) in paragraph at lines 72--76
\OT1/phv/m/sl/8 simulatorZ: Simulator for Collections of Independent Genomic
 []


Overfull \hbox (1.42894pt too wide) in paragraph at lines 72--76
\OT1/phv/m/n/8 (http://bioconductor.org/packages/release/bioc/html/simulatorZ.h
tml).  
 []

LaTeX Font Info:    Font shape `OT1/phv/bx/n' in size <10> not available
(Font)              Font shape `OT1/phv/b/n' tried instead on input line 78.

Underfull \hbox (badness 1394) in paragraph at lines 79--114
\OT1/ptm/m/n/9 rare (Castaldi \OT1/ptm/m/it/9 et al.\OT1/ptm/m/n/9 , 2011), and
 that difficulty with external
 []


Underfull \hbox (badness 3612) in paragraph at lines 79--114
\OT1/ptm/m/n/9 validation and study heterogeneity is common not only in
 []


Underfull \hbox (badness 2020) in paragraph at lines 79--114
\OT1/ptm/m/n/9 across studies, but sources of batch variation often are not
 []


Underfull \vbox (badness 10000) has occurred while \output is active []


Underfull \vbox (badness 10000) has occurred while \output is active []

LaTeX Font Info:    Try loading font information for OMS+phv on input line 115.


(C:\CTEX\MiKTeX\tex\latex\psnfss\omsphv.fd
File: omsphv.fd 
)
LaTeX Font Info:    Font shape `OMS/phv/m/n' in size <7> not available
(Font)              Font shape `OMS/cmsy/m/n' tried instead on input line 115.
 [1

{C:/CTEX/UserData/pdftex/config/pdftex.map{Unicode.sfd}{UGBK.sfd}}


]
Underfull \hbox (badness 1448) in paragraph at lines 115--130
\OT1/ptm/m/n/9 which limited meta-analyses to late-stage, high-grade, serous
 []


Underfull \hbox (badness 1314) in paragraph at lines 131--149
\OT1/ptm/m/n/9 cancer. We investigate the impact of three possible types of
 []


Underfull \hbox (badness 4328) in paragraph at lines 178--191
\OT1/ptm/m/n/9 We evaluate the effects of between-study heterogeneity by
 []


Underfull \hbox (badness 4556) in paragraph at lines 178--191
\OT1/ptm/m/n/9 resampling of studies, and preserving the distribution and
 []


Underfull \hbox (badness 1173) in paragraph at lines 200--216
\OT1/ptm/m/n/9 (DMFS) response and estrogen-receptor positive breast cancer
 []


Underfull \hbox (badness 1325) in paragraph at lines 200--216
\OT1/ptm/m/n/9 SUPERTAM[]HGU133PLUS2 (the latter four were referred as
 []

LaTeX Font Info:    Font shape `OT1/ptm/bx/n' in size <8> not available
(Font)              Font shape `OT1/ptm/b/n' tried instead on input line 284.

Underfull \vbox (badness 10000) has occurred while \output is active []

LaTeX Font Info:    Font shape `OT1/phv/bx/it' in size <8> not available
(Font)              Font shape `OT1/phv/b/it' tried instead on input line 340.
LaTeX Font Info:    Font shape `OT1/phv/b/it' in size <8> not available
(Font)              Font shape `OT1/phv/b/sl' tried instead on input line 340.

Overfull \hbox (261.0pt too wide) has occurred while \output is active
[][] 
 []


Overfull \vbox (1.0pt too high) has occurred while \output is active []


Overfull \hbox (261.0pt too wide) has occurred while \output is active
[][] 
 []

[2]
Underfull \hbox (badness 3482) in paragraph at lines 343--348
\OT1/ptm/m/n/9 Bernau \OT1/ptm/m/it/9 et al. \OT1/ptm/m/n/9 (2014) introduced a
 systematic approach for
 []


Underfull \hbox (badness 1221) in paragraph at lines 343--348
\OT1/ptm/m/n/9 synthesizing a group of independent microarray datasets with
 []


Underfull \hbox (badness 7704) in paragraph at lines 343--348
\OT1/ptm/m/n/9 survival outcome for cross-study assessment of prediction
 []


Underfull \hbox (badness 1533) in paragraph at lines 361--373
\OT1/ptm/m/n/9 of studies from a ``super-population'' of studies (Hartley and
 []


Underfull \hbox (badness 1454) in paragraph at lines 384--400
\OT1/ptm/m/n/9 method of Bender \OT1/ptm/m/it/9 et al. \OT1/ptm/m/n/9 (2005), t
he Nelson-Aalen estimator
 []


Underfull \hbox (badness 1067) in paragraph at lines 405--408
\OT1/ptm/m/n/9 independent, uniformly distributed variables $\OML/cmm/m/it/9 u\
OT1/cmr/m/n/9 1$ \OT1/ptm/m/n/9 and $\OML/cmm/m/it/9 u\OT1/cmr/m/n/9 2$\OT1/ptm
/m/n/9 , then
 []


Overfull \hbox (261.0pt too wide) has occurred while \output is active
[][] 
 []


Overfull \vbox (1.0pt too high) has occurred while \output is active []

 [3]
Underfull \hbox (badness 1325) in paragraph at lines 434--449
\OT1/ptm/m/n/9 datasets of sample size $\OML/cmm/m/it/9 n \OT1/cmr/m/n/9 = 150$
 \OT1/ptm/m/n/9 using the "original sets"
 []

<schema_update_new_allpanels.pdf, id=29, 939.51pt x 1445.4pt>
File: schema_update_new_allpanels.pdf Graphic file (type pdf)

<use schema_update_new_allpanels.pdf>
Package pdftex.def Info: schema_update_new_allpanels.pdf used on input line 452
.
(pdftex.def)             Requested size: 355.65944pt x 547.16249pt.

Underfull \hbox (badness 1629) in paragraph at lines 459--469
\OT1/ptm/m/n/9 individual bootstrap sampling probabilities of each patient to
 []


Underfull \hbox (badness 1009) in paragraph at lines 459--469
\OT1/ptm/m/n/9 probabilities, rather than enforcing strict equality of covariat
e
 []


LaTeX Font Warning: Command \footnotesize invalid in math mode on input line 49
1.

LaTeX Font Info:    Calculating math sizes for size <> on input line 493.

LaTeX Font Warning: Font shape `OT1/cmr/m/n' in size <> not available
(Font)              size <5> substituted on input line 493.


LaTeX Font Warning: Font shape `OT1/cmr/m/n' in size <0.7> not available
(Font)              size <5> substituted on input line 493.


LaTeX Font Warning: Font shape `OT1/cmr/m/n' in size <0.5> not available
(Font)              size <5> substituted on input line 493.


LaTeX Font Warning: Font shape `OML/cmm/m/it' in size <> not available
(Font)              size <5> substituted on input line 493.


LaTeX Font Warning: Font shape `OML/cmm/m/it' in size <0.7> not available
(Font)              size <5> substituted on input line 493.


LaTeX Font Warning: Font shape `OML/cmm/m/it' in size <0.5> not available
(Font)              size <5> substituted on input line 493.


LaTeX Font Warning: Font shape `OMS/cmsy/m/n' in size <> not available
(Font)              size <5> substituted on input line 493.


LaTeX Font Warning: Font shape `OMS/cmsy/m/n' in size <0.7> not available
(Font)              size <5> substituted on input line 493.


LaTeX Font Warning: Font shape `OMS/cmsy/m/n' in size <0.5> not available
(Font)              size <5> substituted on input line 493.


Underfull \hbox (badness 1205) in paragraph at lines 495--505
[]\OT1/ptm/m/n/9 where $\OT1/cmr/m/n/9 $ \OT1/ptm/m/n/9 represents the differe
nces of values computed on
 []


Underfull \hbox (badness 1661) in paragraph at lines 495--505
\OT1/ptm/m/n/9 simulations with balanced covariates compared to those with
 []


Underfull \hbox (badness 1194) in paragraph at lines 495--505
\OT1/ptm/m/n/9 the unbalanced ones. $\OML/cmm/m/it/9 C$ \OT1/ptm/m/n/9 stands f
or the cross-study validation
 []

<boxplot_breast_masomenos_5panels.pdf, id=30, 1011.78pt x 614.295pt>
File: boxplot_breast_masomenos_5panels.pdf Graphic file (type pdf)

<use boxplot_breast_masomenos_5panels.pdf>
Package pdftex.def Info: boxplot_breast_masomenos_5panels.pdf used on input lin
e 539.
(pdftex.def)             Requested size: 455.24408pt x 276.40207pt.

Overfull \hbox (5.65962pt too wide) in paragraph at lines 550--602
 [][] 
 []


Underfull \hbox (badness 1817) in paragraph at lines 602--602
[]\OT1/ptm/b/n/8 Table 3. Regression table of the mixed-effect models. \OT1/ptm
/m/n/8 Train, test
 []


Underfull \hbox (badness 1184) in paragraph at lines 602--602
\OT1/ptm/m/n/8 as illustrated in equation 5[]. Regression coefficients are esti
mated by
 []

<survival_plot.pdf, id=31, 1445.4pt x 1445.4pt>
File: survival_plot.pdf Graphic file (type pdf)
 <use survival_plot.pdf>
Package pdftex.def Info: survival_plot.pdf used on input line 609.
(pdftex.def)             Requested size: 213.39566pt x 213.38211pt.

Underfull \hbox (badness 1097) in paragraph at lines 633--647
\OT1/ptm/m/n/9 of the simulated data to establish that reducing heterogeneity
 []


Underfull \hbox (badness 4132) in paragraph at lines 633--647
\OT1/ptm/m/n/9 in prevalence of important clinical covariates and in gene
 []


Overfull \hbox (261.0pt too wide) has occurred while \output is active
[][] 
 []


Overfull \vbox (1.0pt too high) has occurred while \output is active []


Overfull \hbox (261.0pt too wide) has occurred while \output is active
[][] 
 []

[4]
Underfull \vbox (badness 10000) has occurred while \output is active []


Underfull \vbox (badness 10000) has occurred while \output is active []


Overfull \hbox (261.0pt too wide) has occurred while \output is active
[][] 
 []


Overfull \vbox (1.0pt too high) has occurred while \output is active []

 [5 <C:/Users/zhang/Dropbox/Work/GiovanniParmigiani/dataset-heterogeneity/schem
a_update_new_allpanels.pdf>]
Underfull \hbox (badness 1077) in paragraph at lines 710--720
\OT1/ptm/m/n/9 factors could improve cross-study validation accuracy, we re-
 []


Underfull \hbox (badness 1418) in paragraph at lines 710--720
\OT1/ptm/m/n/9 factors were then the same, on average, for each simulated
 []


Underfull \vbox (badness 10000) has occurred while \output is active []


Overfull \hbox (261.0pt too wide) has occurred while \output is active
[][] 
 []


Overfull \vbox (1.0pt too high) has occurred while \output is active []


Overfull \hbox (261.0pt too wide) has occurred while \output is active
[][] 
 []

[6 <C:/Users/zhang/Dropbox/Work/GiovanniParmigiani/dataset-heterogeneity/boxplo
t_breast_masomenos_5panels.pdf>]
Underfull \hbox (badness 1231) in paragraph at lines 767--775
\OT1/ptm/m/n/9 and baseline hazards across studies, while allowing the joint
 []


Overfull \hbox (261.0pt too wide) has occurred while \output is active
[][] 
 []


Overfull \vbox (1.0pt too high) has occurred while \output is active []

 [7 <C:/Users/zhang/Dropbox/Work/GiovanniParmigiani/dataset-heterogeneity/survi
val_plot.pdf>]
Underfull \hbox (badness 3168) in paragraph at lines 862--873
\OT1/ptm/m/n/9 It is commonly assumed that heterogeneity in experimental
 []


Underfull \hbox (badness 2735) in paragraph at lines 862--873
\OT1/ptm/m/n/9 platforms or procedures, and differences in patient cohorts,
 []


Underfull \hbox (badness 1107) in paragraph at lines 887--910
[]\OT1/ptm/m/n/9 In simulations mimicking these two compendia of datasets,
 []


Underfull \hbox (badness 2495) in paragraph at lines 887--910
\OT1/ptm/m/n/9 reduce the discrepancy between CV and CSV. This finding
 []


Underfull \hbox (badness 1009) in paragraph at lines 920--937
[]\OT1/ptm/m/n/9 Mixed-effect models were used to associate the changes in
 []


Underfull \hbox (badness 1571) in paragraph at lines 920--937
\OT1/ptm/m/n/9 study validation. Interestingly, we found that although some
 []


Underfull \hbox (badness 1715) in paragraph at lines 938--952
\OT1/ptm/m/n/9 good expression measurement comparability through selection
 []


Underfull \hbox (badness 1259) in paragraph at lines 938--952
\OT1/ptm/m/n/9 of genes with high Integrative Correlation (Parmigiani \OT1/ptm/
m/it/9 et al.\OT1/ptm/m/n/9 ,
 []


Underfull \hbox (badness 2253) in paragraph at lines 938--952
\OT1/ptm/m/n/9 2004; Garrett-Mayer \OT1/ptm/m/it/9 et al.\OT1/ptm/m/n/9 , 2008)
 only marginally improved
 []


Underfull \hbox (badness 3568) in paragraph at lines 953--984
[]\OT1/ptm/m/n/9 This study has several limitations. We focus mainly on
 []


Underfull \hbox (badness 4556) in paragraph at lines 953--984
\OT1/ptm/m/n/9 comparisons between single heterogeneity sources. Altering
 []


Underfull \hbox (badness 1178) in paragraph at lines 953--984
\OT1/ptm/m/n/9 However, we report these results in the supplement to show
 []


Underfull \hbox (badness 1635) in paragraph at lines 953--984
\OT1/ptm/m/n/9 interested to explore. We performed simulations only in the
 []


(C:\Users\zhang\Dropbox\Work\GiovanniParmigiani\dataset-heterogeneity\DatasetHe
terogeneity_2016-08-28.bbl
LaTeX Font Info:    Font shape `OT1/ptm/bx/n' in size <7> not available
(Font)              Font shape `OT1/ptm/b/n' tried instead on input line 6.

Overfull \hbox (261.0pt too wide) has occurred while \output is active
[][] 
 []


Overfull \vbox (1.0pt too high) has occurred while \output is active []


Overfull \hbox (261.0pt too wide) has occurred while \output is active
[][] 
 []

[8]
Underfull \vbox (badness 10000) has occurred while \output is active []

)
Underfull \vbox (badness 10000) has occurred while \output is active []


Underfull \vbox (badness 10000) has occurred while \output is active []

Extra height:11.44545pt when 510.71619pt

Underfull \vbox (badness 10000) has occurred while \output is active []


Underfull \vbox (badness 10000) has occurred while \output is active []

Extra height:11.44545pt when 511.71619pt

Underfull \vbox (badness 10000) has occurred while \output is active []


Underfull \vbox (badness 10000) has occurred while \output is active []

Extra height:11.44545pt when 512.71619pt

Underfull \vbox (badness 10000) has occurred while \output is active []


Underfull \vbox (badness 10000) has occurred while \output is active []

Extra height:11.44545pt when 513.71619pt

Underfull \vbox (badness 10000) has occurred while \output is active []


Underfull \vbox (badness 10000) has occurred while \output is active []

Extra height:11.44545pt when 514.71619pt

Underfull \vbox (badness 10000) has occurred while \output is active []


Underfull \vbox (badness 10000) has occurred while \output is active []

Extra height:11.44545pt when 515.71619pt

Underfull \vbox (badness 10000) has occurred while \output is active []


Underfull \vbox (badness 10000) has occurred while \output is active []

Extra height:0.0pt when 516.71619pt

Underfull \vbox (badness 10000) has occurred while \output is active []

(2)Left:516.71619pt Right:517.43239pt Output:516.71619pt

Underfull \vbox (badness 10000) has occurred while \output is active []

(2)Left:517.43239pt Right:517.43239pt Output:517.43239pt
- LAST -
Extra skip:0.0pt
Left:517.43239pt
Right:517.43239pt
Output:517.43239pt

Underfull \vbox (badness 10000) has occurred while \output is active []


Overfull \hbox (261.0pt too wide) has occurred while \output is active
[][] 
 []


Overfull \vbox (1.0pt too high) has occurred while \output is active []

 [9]
(C:\Users\zhang\Dropbox\Work\GiovanniParmigiani\dataset-heterogeneity\DatasetHe
terogeneity_2016-08-28.aux)

LaTeX Font Warning: Size substitutions with differences
(Font)              up to 4.5pt have occurred.


LaTeX Warning: Label(s) may have changed. Rerun to get cross-references right.

 ) 
Here is how much of TeX's memory you used:
 3052 strings out of 495354
 38622 string characters out of 3183859
 135086 words of memory out of 3000000
 6139 multiletter control sequences out of 15000+200000
 54208 words of font info for 114 fonts, out of 3000000 for 9000
 18 hyphenation exceptions out of 8191
 35i,12n,26p,1462b,289s stack positions out of 5000i,500n,10000p,200000b,50000s
{C:/CTEX/MiKTeX/fonts/enc/dvips/fontname/8r.enc}<C:/CTEX/MiKTeX/fonts/type1/p
ublic/amsfonts/cm/cmmi6.pfb><C:/CTEX/MiKTeX/fonts/type1/public/amsfonts/cm/cmmi
8.pfb><C:/CTEX/MiKTeX/fonts/type1/public/amsfonts/cm/cmmi9.pfb><C:/CTEX/MiKTeX/
fonts/type1/public/amsfonts/cm/cmr5.pfb><C:/CTEX/MiKTeX/fonts/type1/public/amsf
onts/cm/cmr6.pfb><C:/CTEX/MiKTeX/fonts/type1/public/amsfonts/cm/cmr7.pfb><C:/CT
EX/MiKTeX/fonts/type1/public/amsfonts/cm/cmr8.pfb><C:/CTEX/MiKTeX/fonts/type1/p
ublic/amsfonts/cm/cmr9.pfb><C:/CTEX/MiKTeX/fonts/type1/public/amsfonts/cm/cmsy6
.pfb><C:/CTEX/MiKTeX/fonts/type1/public/amsfonts/cm/cmsy7.pfb><C:/CTEX/MiKTeX/f
onts/type1/public/amsfonts/cm/cmsy8.pfb><C:/CTEX/MiKTeX/fonts/type1/public/amsf
onts/cm/cmsy9.pfb><C:/CTEX/MiKTeX/fonts/type1/public/amsfonts/symbols/msbm10.pf
b><C:/CTEX/MiKTeX/fonts/type1/urw/helvetic/uhvb8a.pfb><C:/CTEX/MiKTeX/fonts/typ
e1/urw/helvetic/uhvbo8a.pfb><C:/CTEX/MiKTeX/fonts/type1/urw/helvetic/uhvr8a.pfb
><C:/CTEX/MiKTeX/fonts/type1/urw/helvetic/uhvro8a.pfb><C:/CTEX/MiKTeX/fonts/typ
e1/urw/times/utmb8a.pfb><C:/CTEX/MiKTeX/fonts/type1/urw/times/utmbi8a.pfb><C:/C
TEX/MiKTeX/fonts/type1/urw/times/utmr8a.pfb><C:/CTEX/MiKTeX/fonts/type1/urw/tim
es/utmri8a.pfb>
Output written on DatasetHeterogeneity_2016-08-28.pdf (9 pages, 747740 bytes).
PDF statistics:
 152 PDF objects out of 1000 (max. 8388607)
 0 named destinations out of 1000 (max. 500000)
 16 words of extra memory for PDF output out of 10000 (max. 10000000)

