This is pdfTeX, Version 3.1415926-2.3-1.40.12 (MiKTeX 2.9) (preloaded format=pdflatex 2016.1.30)  25 AUG 2016 20:04
entering extended mode
**supplement_2016-08-28.tex

(C:\Users\zhang\Dropbox\Work\GiovanniParmigiani\dataset-heterogeneity\supplemen
t_2016-08-28.tex
LaTeX2e <2011/06/27>
Babel <v3.8m> and hyphenation patterns for loaded.
(C:\CTEX\MiKTeX\tex\latex\base\article.cls
Document Class: article 2007/10/19 v1.4h Standard LaTeX document class
(C:\CTEX\MiKTeX\tex\latex\base\size10.clo
File: size10.clo 2007/10/19 v1.4h Standard LaTeX file (size option)
)
\c@part=\count79
\c@section=\count80
\c@subsection=\count81
\c@subsubsection=\count82
\c@paragraph=\count83
\c@subparagraph=\count84
\c@figure=\count85
\c@table=\count86
\abovecaptionskip=\skip41
\belowcaptionskip=\skip42
\bibindent=\dimen102
)
(C:\CTEX\MiKTeX\tex\latex\multirow\multirow.sty
\bigstrutjot=\dimen103
)
(C:\CTEX\MiKTeX\tex\latex\booktabs\booktabs.sty
Package: booktabs 2005/04/14 v1.61803 publication quality tables
\heavyrulewidth=\dimen104
\lightrulewidth=\dimen105
\cmidrulewidth=\dimen106
\belowrulesep=\dimen107
\belowbottomsep=\dimen108
\aboverulesep=\dimen109
\abovetopsep=\dimen110
\cmidrulesep=\dimen111
\cmidrulekern=\dimen112
\defaultaddspace=\dimen113
\@cmidla=\count87
\@cmidlb=\count88
\@aboverulesep=\dimen114
\@belowrulesep=\dimen115
\@thisruleclass=\count89
\@lastruleclass=\count90
\@thisrulewidth=\dimen116
)
(C:\CTEX\MiKTeX\tex\latex\hyperref\hyperref.sty
Package: hyperref 2012/02/06 v6.82o Hypertext links for LaTeX

(C:\CTEX\MiKTeX\tex\generic\oberdiek\hobsub-hyperref.sty
Package: hobsub-hyperref 2011/04/23 v1.4 Bundle oberdiek, subset hyperref (HO)

(C:\CTEX\MiKTeX\tex\generic\oberdiek\hobsub-generic.sty
Package: hobsub-generic 2011/04/23 v1.4 Bundle oberdiek, subset generic (HO)
Package: hobsub 2011/04/23 v1.4 Subsetting bundle oberdiek (HO)
Package: infwarerr 2010/04/08 v1.3 Providing info/warning/message (HO)
Package: ltxcmds 2011/04/18 v1.20 LaTeX kernel commands for general use (HO)
Package: ifluatex 2010/03/01 v1.3 Provides the ifluatex switch (HO)
Package ifluatex Info: LuaTeX not detected.
Package: ifvtex 2010/03/01 v1.5 Switches for detecting VTeX and its modes (HO)
Package ifvtex Info: VTeX not detected.
Package: intcalc 2007/09/27 v1.1 Expandable integer calculations (HO)
Package: ifpdf 2011/01/30 v2.3 Provides the ifpdf switch (HO)
Package ifpdf Info: pdfTeX in PDF mode is detected.
Package: etexcmds 2011/02/16 v1.5 Prefix for e-TeX command names (HO)
Package etexcmds Info: Could not find \expanded.
(etexcmds)             That can mean that you are not using pdfTeX 1.50 or
(etexcmds)             that some package has redefined \expanded.
(etexcmds)             In the latter case, load this package earlier.
Package: kvsetkeys 2011/04/07 v1.13 Key value parser (HO)
Package: kvdefinekeys 2011/04/07 v1.3 Defining keys (HO)
Package: pdftexcmds 2011/04/22 v0.16 Utilities of pdfTeX for LuaTeX (HO)
Package pdftexcmds Info: LuaTeX not detected.
Package pdftexcmds Info: \pdf@primitive is available.
Package pdftexcmds Info: \pdf@ifprimitive is available.
Package pdftexcmds Info: \pdfdraftmode found.
Package: pdfescape 2011/04/04 v1.12 Provides string conversions (HO)
Package: bigintcalc 2011/01/30 v1.2 Expandable big integer calculations (HO)
Package: bitset 2011/01/30 v1.1 Data type bit set (HO)
Package: uniquecounter 2011/01/30 v1.2 Provides unlimited unique counter (HO)
)
Package hobsub Info: Skipping package `hobsub' (already loaded).
Package: letltxmacro 2010/09/02 v1.4 Let assignment for LaTeX macros (HO)
Package: hopatch 2011/01/30 v1.0 Wrapper for package hooks (HO)
Package: xcolor-patch 2011/01/30 xcolor patch
Package: atveryend 2011/04/23 v1.7 Hooks at very end of document (HO)
Package: atbegshi 2011/01/30 v1.15 At begin shipout hook (HO)
Package: refcount 2010/12/01 v3.2 Data extraction from references (HO)
Package: hycolor 2011/01/30 v1.7 Color options of hyperref/bookmark (HO)
)
(C:\CTEX\MiKTeX\tex\latex\graphics\keyval.sty
Package: keyval 1999/03/16 v1.13 key=value parser (DPC)
\KV@toks@=\toks14
)
(C:\CTEX\MiKTeX\tex\generic\ifxetex\ifxetex.sty
Package: ifxetex 2010/09/12 v0.6 Provides ifxetex conditional
)
(C:\CTEX\MiKTeX\tex\latex\oberdiek\kvoptions.sty
Package: kvoptions 2010/12/23 v3.10 Keyval support for LaTeX options (HO)
)
\@linkdim=\dimen117
\Hy@linkcounter=\count91
\Hy@pagecounter=\count92

(C:\CTEX\MiKTeX\tex\latex\hyperref\pd1enc.def
File: pd1enc.def 2012/02/06 v6.82o Hyperref: PDFDocEncoding definition (HO)
)
\Hy@SavedSpaceFactor=\count93

(C:\CTEX\MiKTeX\tex\latex\00miktex\hyperref.cfg
File: hyperref.cfg 2002/06/06 v1.2 hyperref configuration of TeXLive
)
Package hyperref Info: Hyper figures OFF on input line 4046.
Package hyperref Info: Link nesting OFF on input line 4051.
Package hyperref Info: Hyper index ON on input line 4054.
Package hyperref Info: Plain pages OFF on input line 4061.
Package hyperref Info: Backreferencing OFF on input line 4066.
Package hyperref Info: Implicit mode ON; LaTeX internals redefined.
Package hyperref Info: Bookmarks ON on input line 4284.
\c@Hy@tempcnt=\count94

(C:\Users\zhang\Dropbox\Work\GiovanniParmigiani\dataset-heterogeneity\url.sty
Package: url 1999/03/02  ver 1.4  Verb mode for urls, email addresses, and file
 names
)
LaTeX Info: Redefining \url on input line 4637.
\Fld@menulength=\count95
\Field@Width=\dimen118
\Fld@charsize=\dimen119
Package hyperref Info: Hyper figures OFF on input line 5757.
Package hyperref Info: Link nesting OFF on input line 5762.
Package hyperref Info: Hyper index ON on input line 5765.
Package hyperref Info: backreferencing OFF on input line 5772.
Package hyperref Info: Link coloring OFF on input line 5777.
Package hyperref Info: Link coloring with OCG OFF on input line 5782.
Package hyperref Info: PDF/A mode OFF on input line 5787.
LaTeX Info: Redefining \ref on input line 5827.
LaTeX Info: Redefining \pageref on input line 5831.
\Hy@abspage=\count96
\c@Item=\count97
\c@Hfootnote=\count98
)

Package hyperref Message: Driver (autodetected): hpdftex.

(C:\CTEX\MiKTeX\tex\latex\hyperref\hpdftex.def
File: hpdftex.def 2012/02/06 v6.82o Hyperref driver for pdfTeX
\Fld@listcount=\count99
\c@bookmark@seq@number=\count100

(C:\CTEX\MiKTeX\tex\latex\oberdiek\rerunfilecheck.sty
Package: rerunfilecheck 2011/04/15 v1.7 Rerun checks for auxiliary files (HO)
Package uniquecounter Info: New unique counter `rerunfilecheck' on input line 2
82.
)
\Hy@SectionHShift=\skip43
)
(C:\CTEX\MiKTeX\tex\latex\subfigure\subfigure.sty
Package: subfigure 2002/07/30 v2.1.4 subfigure package
\subfigtopskip=\skip44
\subfigcapskip=\skip45
\subfigcaptopadj=\dimen120
\subfigbottomskip=\skip46
\subfigcapmargin=\dimen121
\subfiglabelskip=\skip47
\c@subfigure=\count101
\c@lofdepth=\count102
\c@subtable=\count103
\c@lotdepth=\count104

****************************************
* Local config file subfigure.cfg used *
****************************************
(C:\CTEX\MiKTeX\tex\latex\subfigure\subfigure.cfg)
\subfig@top=\skip48
\subfig@bottom=\skip49
)
(C:\CTEX\MiKTeX\tex\latex\tools\indentfirst.sty
Package: indentfirst 1995/11/23 v1.03 Indent first paragraph (DPC)
)
(C:\CTEX\MiKTeX\tex\latex\ams\math\amsmath.sty
Package: amsmath 2000/07/18 v2.13 AMS math features
\@mathmargin=\skip50

For additional information on amsmath, use the `?' option.
(C:\CTEX\MiKTeX\tex\latex\ams\math\amstext.sty
Package: amstext 2000/06/29 v2.01

(C:\CTEX\MiKTeX\tex\latex\ams\math\amsgen.sty
File: amsgen.sty 1999/11/30 v2.0
\@emptytoks=\toks15
\ex@=\dimen122
))
(C:\CTEX\MiKTeX\tex\latex\ams\math\amsbsy.sty
Package: amsbsy 1999/11/29 v1.2d
\pmbraise@=\dimen123
)
(C:\CTEX\MiKTeX\tex\latex\ams\math\amsopn.sty
Package: amsopn 1999/12/14 v2.01 operator names
)
\inf@bad=\count105
LaTeX Info: Redefining \frac on input line 211.
\uproot@=\count106
\leftroot@=\count107
LaTeX Info: Redefining \overline on input line 307.
\classnum@=\count108
\DOTSCASE@=\count109
LaTeX Info: Redefining \ldots on input line 379.
LaTeX Info: Redefining \dots on input line 382.
LaTeX Info: Redefining \cdots on input line 467.
\Mathstrutbox@=\box26
\strutbox@=\box27
\big@size=\dimen124
LaTeX Font Info:    Redeclaring font encoding OML on input line 567.
LaTeX Font Info:    Redeclaring font encoding OMS on input line 568.
\macc@depth=\count110
\c@MaxMatrixCols=\count111
\dotsspace@=\muskip10
\c@parentequation=\count112
\dspbrk@lvl=\count113
\tag@help=\toks16
\row@=\count114
\column@=\count115
\maxfields@=\count116
\andhelp@=\toks17
\eqnshift@=\dimen125
\alignsep@=\dimen126
\tagshift@=\dimen127
\tagwidth@=\dimen128
\totwidth@=\dimen129
\lineht@=\dimen130
\@envbody=\toks18
\multlinegap=\skip51
\multlinetaggap=\skip52
\mathdisplay@stack=\toks19
LaTeX Info: Redefining \[ on input line 2666.
LaTeX Info: Redefining \] on input line 2667.
)
(C:\Users\zhang\Dropbox\Work\GiovanniParmigiani\dataset-heterogeneity\float.sty
Package: float 2001/11/08 v1.3d Float enhancements (AL)
\c@float@type=\count117
\float@exts=\toks20
\float@box=\box28
\@float@everytoks=\toks21
\@floatcapt=\box29
) (C:\CTEX\MiKTeX\tex\latex\fancybox\fancybox.sty
Package: fancybox 2010/05/15 1.4

Style option: `fancybox' v1.4 <2010/05/15> (tvz)
\@fancybox=\box30
\shadowsize=\dimen131
\@Sbox=\box31
\do@VerbBox=\toks22
\the@fancyput=\toks23
\this@fancyput=\toks24
\EndVerbatimTokens=\toks25
\Verbatim@Outfile=\write3
\Verbatim@Infile=\read1
) (C:\CTEX\MiKTeX\tex\latex\geometry\geometry.sty
Package: geometry 2010/09/12 v5.6 Page Geometry
\Gm@cnth=\count118
\Gm@cntv=\count119
\c@Gm@tempcnt=\count120
\Gm@bindingoffset=\dimen132
\Gm@wd@mp=\dimen133
\Gm@odd@mp=\dimen134
\Gm@even@mp=\dimen135
\Gm@layoutwidth=\dimen136
\Gm@layoutheight=\dimen137
\Gm@layouthoffset=\dimen138
\Gm@layoutvoffset=\dimen139
\Gm@dimlist=\toks26

(C:\CTEX\MiKTeX\tex\latex\geometry\geometry.cfg))
(C:\CTEX\MiKTeX\tex\latex\rotating\rotating.sty
Package: rotating 2009/03/28 v2.16a rotated objects in LaTeX

(C:\Users\zhang\Dropbox\Work\GiovanniParmigiani\dataset-heterogeneity\graphicx.
sty
Package: graphicx 1999/02/16 v1.0f Enhanced LaTeX Graphics (DPC,SPQR)
 (C:\CTEX\MiKTeX\tex\latex\graphics\graphics.sty
Package: graphics 2009/02/05 v1.0o Standard LaTeX Graphics (DPC,SPQR)

(C:\CTEX\MiKTeX\tex\latex\graphics\trig.sty
Package: trig 1999/03/16 v1.09 sin cos tan (DPC)
)
(C:\CTEX\MiKTeX\tex\latex\00miktex\graphics.cfg
File: graphics.cfg 2007/01/18 v1.5 graphics configuration of teTeX/TeXLive
)
Package graphics Info: Driver file: pdftex.def on input line 91.

(C:\CTEX\MiKTeX\tex\latex\pdftex-def\pdftex.def
File: pdftex.def 2011/05/27 v0.06d Graphics/color for pdfTeX
\Gread@gobject=\count121
))
\Gin@req@height=\dimen140
\Gin@req@width=\dimen141
)
(C:\CTEX\MiKTeX\tex\latex\base\ifthen.sty
Package: ifthen 2001/05/26 v1.1c Standard LaTeX ifthen package (DPC)
)
\c@r@tfl@t=\count122
\rotFPtop=\skip53
\rotFPbot=\skip54
\rot@float@box=\box32
\rot@mess@toks=\toks27
)
(C:\CTEX\MiKTeX\tex\latex\fancyhdr\fancyhdr.sty
\fancy@headwidth=\skip55
\f@ncyO@elh=\skip56
\f@ncyO@erh=\skip57
\f@ncyO@olh=\skip58
\f@ncyO@orh=\skip59
\f@ncyO@elf=\skip60
\f@ncyO@erf=\skip61
\f@ncyO@olf=\skip62
\f@ncyO@orf=\skip63
)
(C:\Users\zhang\Dropbox\Work\GiovanniParmigiani\dataset-heterogeneity\natbib.st
y
Package: natbib 2000/07/24 7.0a (PWD)
\bibhang=\skip64
\bibsep=\skip65
LaTeX Info: Redefining \cite on input line 508.
\c@NAT@ctr=\count123
)
(C:\Users\zhang\Dropbox\Work\GiovanniParmigiani\dataset-heterogeneity\supplemen
t_2016-08-28.aux)
LaTeX Font Info:    Checking defaults for OML/cmm/m/it on input line 22.
LaTeX Font Info:    ... okay on input line 22.
LaTeX Font Info:    Checking defaults for T1/cmr/m/n on input line 22.
LaTeX Font Info:    ... okay on input line 22.
LaTeX Font Info:    Checking defaults for OT1/cmr/m/n on input line 22.
LaTeX Font Info:    ... okay on input line 22.
LaTeX Font Info:    Checking defaults for OMS/cmsy/m/n on input line 22.
LaTeX Font Info:    ... okay on input line 22.
LaTeX Font Info:    Checking defaults for OMX/cmex/m/n on input line 22.
LaTeX Font Info:    ... okay on input line 22.
LaTeX Font Info:    Checking defaults for U/cmr/m/n on input line 22.
LaTeX Font Info:    ... okay on input line 22.
LaTeX Font Info:    Checking defaults for PD1/pdf/m/n on input line 22.
LaTeX Font Info:    ... okay on input line 22.
\AtBeginShipoutBox=\box33
Package hyperref Info: Link coloring OFF on input line 22.
 (C:\CTEX\MiKTeX\tex\latex\hyperref\nameref.sty
Package: nameref 2010/04/30 v2.40 Cross-referencing by name of section

(C:\CTEX\MiKTeX\tex\generic\oberdiek\gettitlestring.sty
Package: gettitlestring 2010/12/03 v1.4 Cleanup title references (HO)
)
\c@section@level=\count124
)
LaTeX Info: Redefining \ref on input line 22.
LaTeX Info: Redefining \pageref on input line 22.
LaTeX Info: Redefining \nameref on input line 22.

(C:\Users\zhang\Dropbox\Work\GiovanniParmigiani\dataset-heterogeneity\supplemen
t_2016-08-28.out)
(C:\Users\zhang\Dropbox\Work\GiovanniParmigiani\dataset-heterogeneity\supplemen
t_2016-08-28.out)
\@outlinefile=\write4

*geometry* driver: auto-detecting
*geometry* detected driver: pdftex
*geometry* verbose mode - [ preamble ] result:
* driver: pdftex
* paper: <default>
* layout: <same size as paper>
* layoutoffset:(h,v)=(0.0pt,0.0pt)
* modes: 
* h-part:(L,W,R)=(56.9055pt, 500.484pt, 56.9055pt)
* v-part:(T,H,B)=(71.13188pt, 652.70622pt, 71.13188pt)
* \paperwidth=614.295pt
* \paperheight=794.96999pt
* \textwidth=500.484pt
* \textheight=652.70622pt
* \oddsidemargin=-15.36449pt
* \evensidemargin=-15.36449pt
* \topmargin=-38.1381pt
* \headheight=12.0pt
* \headsep=25.0pt
* \topskip=10.0pt
* \footskip=30.0pt
* \marginparwidth=65.0pt
* \marginparsep=11.0pt
* \columnsep=10.0pt
* \skip\footins=9.0pt plus 4.0pt minus 2.0pt
* \hoffset=0.0pt
* \voffset=0.0pt
* \mag=1000
* \@twocolumnfalse
* \@twosidefalse
* \@mparswitchfalse
* \@reversemarginfalse
* (1in=72.27pt=25.4mm, 1cm=28.453pt)

(C:\CTEX\MiKTeX\tex\context\base\supp-pdf.mkii
[Loading MPS to PDF converter (version 2006.09.02).]
\scratchcounter=\count125
\scratchdimen=\dimen142
\scratchbox=\box34
\nofMPsegments=\count126
\nofMParguments=\count127
\everyMPshowfont=\toks28
\MPscratchCnt=\count128
\MPscratchDim=\dimen143
\MPnumerator=\count129
\makeMPintoPDFobject=\count130
\everyMPtoPDFconversion=\toks29
)
(C:\Users\zhang\Dropbox\Work\GiovanniParmigiani\dataset-heterogeneity\supplemen
t_2016-08-28.toc)
\tf@toc=\write5
 [1

{C:/CTEX/UserData/pdftex/config/pdftex.map{Unicode.sfd}{UGBK.sfd}}]
<boxplot_breast_masomenos_allpanels.pdf, id=60, 1011.78pt x 614.295pt>
File: boxplot_breast_masomenos_allpanels.pdf Graphic file (type pdf)

<use boxplot_breast_masomenos_allpanels.pdf>
Package pdftex.def Info: boxplot_breast_masomenos_allpanels.pdf used on input l
ine 45.
(pdftex.def)             Requested size: 455.24408pt x 276.40207pt.

<boxplot_breast_ridge_allpanels.pdf, id=61, 1011.78pt x 614.295pt>
File: boxplot_breast_ridge_allpanels.pdf Graphic file (type pdf)

<use boxplot_breast_ridge_allpanels.pdf>
Package pdftex.def Info: boxplot_breast_ridge_allpanels.pdf used on input line 
53.
(pdftex.def)             Requested size: 455.24408pt x 276.40207pt.

<boxplot_ovarian_masomenos_allpanels.pdf, id=62, 1011.78pt x 614.295pt>
File: boxplot_ovarian_masomenos_allpanels.pdf Graphic file (type pdf)

<use boxplot_ovarian_masomenos_allpanels.pdf>
Package pdftex.def Info: boxplot_ovarian_masomenos_allpanels.pdf used on input 
line 61.
(pdftex.def)             Requested size: 455.24408pt x 276.40207pt.
 [2 <C:/Users/zhang/Dropbox/Work/GiovanniParmigiani/dataset-heterogeneity/boxpl
ot_breast_masomenos_allpanels.pdf> <C:/Users/zhang/Dropbox/Work/GiovanniParmigi
ani/dataset-heterogeneity/boxplot_breast_ridge_allpanels.pdf>] [3pdfTeX warning
 (ext4): destination with the same identifier (name{figure.1}) has been already
 used, duplicate ignored

\AtBegShi@Output ...ipout \box \AtBeginShipoutBox 
                                                  \fi \fi 
l.68 \newpage
              <C:/Users/zhang/Dropbox/Work/GiovanniParmigiani/dataset-heterogen
eity/boxplot_ovarian_masomenos_allpanels.pdf>] [4pdfTeX warning (ext4): destina
tion with the same identifier (name{table.1}) has been already used, duplicate 
ignored

\AtBegShi@Output ...ipout \box \AtBeginShipoutBox 
                                                  \fi \fi 
l.104 \newpage
              ] [5pdfTeX warning (ext4): destination with the same identifier (
name{table.2}) has been already used, duplicate ignored

\AtBegShi@Output ...ipout \box \AtBeginShipoutBox 
                                                  \fi \fi 
l.153 \newpage
              pdfTeX warning (ext4): destination with the same identifier (name
{table.3}) has been already used, duplicate ignored

\AtBegShi@Output ...ipout \box \AtBeginShipoutBox 
                                                  \fi \fi 
l.153 \newpage
              ] <forest_size.pdf, id=99, 1011.78pt x 614.295pt>
File: forest_size.pdf Graphic file (type pdf)

<use forest_size.pdf>
Package pdftex.def Info: forest_size.pdf used on input line 159.
(pdftex.def)             Requested size: 250.38434pt x 152.01738pt.
 <forest_age.pdf, id=100, 1011.78pt x 614.295pt>
File: forest_age.pdf Graphic file (type pdf)

<use forest_age.pdf>
Package pdftex.def Info: forest_age.pdf used on input line 163.
(pdftex.def)             Requested size: 250.38434pt x 152.01738pt.
 <forest_grade.pdf, id=101, 1011.78pt x 614.295pt>
File: forest_grade.pdf Graphic file (type pdf)

<use forest_grade.pdf>
Package pdftex.def Info: forest_grade.pdf used on input line 171.
(pdftex.def)             Requested size: 250.38434pt x 152.01738pt.
 <forest_ovarian_age.pdf, id=102, 1011.78pt x 614.295pt>
File: forest_ovarian_age.pdf Graphic file (type pdf)

<use forest_ovarian_age.pdf>
Package pdftex.def Info: forest_ovarian_age.pdf used on input line 181.
(pdftex.def)             Requested size: 250.38434pt x 152.01738pt.

<forest_ovarian_debulk.pdf, id=103, 1011.78pt x 614.295pt>
File: forest_ovarian_debulk.pdf Graphic file (type pdf)

<use forest_ovarian_debulk.pdf>
Package pdftex.def Info: forest_ovarian_debulk.pdf used on input line 185.
(pdftex.def)             Requested size: 250.38434pt x 152.01738pt.
 [6 <C:/Users/zhang/Dropbox/Work/GiovanniParmigiani/dataset-heterogeneity/fores
t_size.pdf> <C:/Users/zhang/Dropbox/Work/GiovanniParmigiani/dataset-heterogenei
ty/forest_age.pdf> <C:/Users/zhang/Dropbox/Work/GiovanniParmigiani/dataset-hete
rogeneity/forest_grade.pdf>] [7pdfTeX warning (ext4): destination with the same
 identifier (name{figure.2}) has been already used, duplicate ignored

\AtBegShi@Output ...ipout \box \AtBeginShipoutBox 
                                                  \fi \fi 
l.203 \newpage
               <C:/Users/zhang/Dropbox/Work/GiovanniParmigiani/dataset-heteroge
neity/forest_ovarian_age.pdf> <C:/Users/zhang/Dropbox/Work/GiovanniParmigiani/d
ataset-heterogeneity/forest_ovarian_debulk.pdf>]
<heatmap-a.pdf, id=139, 1445.4pt x 1445.4pt>
File: heatmap-a.pdf Graphic file (type pdf)
 <use heatmap-a.pdf>
Package pdftex.def Info: heatmap-a.pdf used on input line 210.
(pdftex.def)             Requested size: 199.16928pt x 199.15665pt.

<heatmap-b.pdf, id=140, 1445.4pt x 1445.4pt>
File: heatmap-b.pdf Graphic file (type pdf)
 <use heatmap-b.pdf>
Package pdftex.def Info: heatmap-b.pdf used on input line 214.
(pdftex.def)             Requested size: 199.16928pt x 199.15665pt.


Package Fancyhdr Warning: \headheight is too small (12.0pt): 
 Make it at least 25.07225pt.
 We now make it that large for the rest of the document.
 This may cause the page layout to be inconsistent, however.

[8pdfTeX warning (ext4): destination with the same identifier (name{figure.3}) 
has been already used, duplicate ignored

\AtBegShi@Output ...ipout \box \AtBeginShipoutBox 
                                                  \fi \fi 
l.242 \newpage
               <C:/Users/zhang/Dropbox/Work/GiovanniParmigiani/dataset-heteroge
neity/heatmap-a.pdf> <C:/Users/zhang/Dropbox/Work/GiovanniParmigiani/dataset-he
terogeneity/heatmap-b.pdf>] <barplot_age.pdf, id=157, 1011.78pt x 614.295pt>
File: barplot_age.pdf Graphic file (type pdf)

<use barplot_age.pdf>
Package pdftex.def Info: barplot_age.pdf used on input line 248.
(pdftex.def)             Requested size: 241.84842pt x 146.83391pt.
 <barplot_size.pdf, id=158, 1011.78pt x 614.295pt>
File: barplot_size.pdf Graphic file (type pdf)

<use barplot_size.pdf>
Package pdftex.def Info: barplot_size.pdf used on input line 251.
(pdftex.def)             Requested size: 241.84842pt x 146.83391pt.
 <barplot_grade.pdf, id=159, 1011.78pt x 614.295pt>
File: barplot_grade.pdf Graphic file (type pdf)

<use barplot_grade.pdf>
Package pdftex.def Info: barplot_grade.pdf used on input line 257.
(pdftex.def)             Requested size: 241.84842pt x 146.83391pt.

<barplot_ovarian_age.pdf, id=160, 1011.78pt x 614.295pt>
File: barplot_ovarian_age.pdf Graphic file (type pdf)

<use barplot_ovarian_age.pdf>
Package pdftex.def Info: barplot_ovarian_age.pdf used on input line 266.
(pdftex.def)             Requested size: 241.84842pt x 146.83391pt.

<barplot_ovarian_debulk.pdf, id=161, 1011.78pt x 614.295pt>
File: barplot_ovarian_debulk.pdf Graphic file (type pdf)

<use barplot_ovarian_debulk.pdf>
Package pdftex.def Info: barplot_ovarian_debulk.pdf used on input line 269.
(pdftex.def)             Requested size: 241.84842pt x 146.83391pt.
 [9 <C:/Users/zhang/Dropbox/Work/GiovanniParmigiani/dataset-heterogeneity/barpl
ot_age.pdf> <C:/Users/zhang/Dropbox/Work/GiovanniParmigiani/dataset-heterogenei
ty/barplot_size.pdf> <C:/Users/zhang/Dropbox/Work/GiovanniParmigiani/dataset-he
terogeneity/barplot_grade.pdf>] [10pdfTeX warning (ext4): destination with the 
same identifier (name{figure.4}) has been already used, duplicate ignored

\AtBegShi@Output ...ipout \box \AtBeginShipoutBox 
                                                  \fi \fi 
l.282 \newpage
               <C:/Users/zhang/Dropbox/Work/GiovanniParmigiani/dataset-heteroge
neity/barplot_ovarian_age.pdf> <C:/Users/zhang/Dropbox/Work/GiovanniParmigiani/
dataset-heterogeneity/barplot_ovarian_debulk.pdf>]
<breast_masomenos_CSV.pdf, id=201, 1011.78pt x 614.295pt>
File: breast_masomenos_CSV.pdf Graphic file (type pdf)

<use breast_masomenos_CSV.pdf>
Package pdftex.def Info: breast_masomenos_CSV.pdf used on input line 287.
(pdftex.def)             Requested size: 241.84842pt x 146.83391pt.

<breast_masomenos_CV.pdf, id=202, 1011.78pt x 614.295pt>
File: breast_masomenos_CV.pdf Graphic file (type pdf)

<use breast_masomenos_CV.pdf>
Package pdftex.def Info: breast_masomenos_CV.pdf used on input line 290.
(pdftex.def)             Requested size: 241.84842pt x 146.83391pt.

<breast_ridge_CSV.pdf, id=203, 1011.78pt x 614.295pt>
File: breast_ridge_CSV.pdf Graphic file (type pdf)

<use breast_ridge_CSV.pdf>
Package pdftex.def Info: breast_ridge_CSV.pdf used on input line 293.
(pdftex.def)             Requested size: 241.84842pt x 146.83391pt.

<breast_ridge_CV.pdf, id=204, 1011.78pt x 614.295pt>
File: breast_ridge_CV.pdf Graphic file (type pdf)
 <use breast_ridge_CV.pdf>
Package pdftex.def Info: breast_ridge_CV.pdf used on input line 296.
(pdftex.def)             Requested size: 241.84842pt x 146.83391pt.

<ovarian_masomenos_CSV.pdf, id=205, 1011.78pt x 614.295pt>
File: ovarian_masomenos_CSV.pdf Graphic file (type pdf)

<use ovarian_masomenos_CSV.pdf>
Package pdftex.def Info: ovarian_masomenos_CSV.pdf used on input line 299.
(pdftex.def)             Requested size: 241.84842pt x 146.83391pt.

<ovarian_masomenos_CV.pdf, id=206, 1011.78pt x 614.295pt>
File: ovarian_masomenos_CV.pdf Graphic file (type pdf)

<use ovarian_masomenos_CV.pdf>
Package pdftex.def Info: ovarian_masomenos_CV.pdf used on input line 302.
(pdftex.def)             Requested size: 241.84842pt x 146.83391pt.
 [11pdfTeX warning (ext4): destination with the same identifier (name{figure.5}
) has been already used, duplicate ignored

\AtBegShi@Output ...ipout \box \AtBeginShipoutBox 
                                                  \fi \fi 
l.309 \newpage
               <C:/Users/zhang/Dropbox/Work/GiovanniParmigiani/dataset-heteroge
neity/breast_masomenos_CSV.pdf> <C:/Users/zhang/Dropbox/Work/GiovanniParmigiani
/dataset-heterogeneity/breast_masomenos_CV.pdf> <C:/Users/zhang/Dropbox/Work/Gi
ovanniParmigiani/dataset-heterogeneity/breast_ridge_CSV.pdf> <C:/Users/zhang/Dr
opbox/Work/GiovanniParmigiani/dataset-heterogeneity/breast_ridge_CV.pdf> <C:/Us
ers/zhang/Dropbox/Work/GiovanniParmigiani/dataset-heterogeneity/ovarian_masomen
os_CSV.pdf> <C:/Users/zhang/Dropbox/Work/GiovanniParmigiani/dataset-heterogenei
ty/ovarian_masomenos_CV.pdf>]
<breast_masomenos_filter_cutoff.pdf, id=250, 1011.78pt x 614.295pt>
File: breast_masomenos_filter_cutoff.pdf Graphic file (type pdf)

<use breast_masomenos_filter_cutoff.pdf>
Package pdftex.def Info: breast_masomenos_filter_cutoff.pdf used on input line 
317.
(pdftex.def)             Requested size: 455.24408pt x 276.40207pt.

<breast_ridge_filter_cutoff.pdf, id=251, 1011.78pt x 614.295pt>
File: breast_ridge_filter_cutoff.pdf Graphic file (type pdf)

<use breast_ridge_filter_cutoff.pdf>
Package pdftex.def Info: breast_ridge_filter_cutoff.pdf used on input line 321.

(pdftex.def)             Requested size: 455.24408pt x 276.40207pt.

<ovarian_masomenos_filter_cutoff.pdf, id=252, 1011.78pt x 614.295pt>
File: ovarian_masomenos_filter_cutoff.pdf Graphic file (type pdf)

<use ovarian_masomenos_filter_cutoff.pdf>
Package pdftex.def Info: ovarian_masomenos_filter_cutoff.pdf used on input line
 326.
(pdftex.def)             Requested size: 455.24408pt x 276.40207pt.
 [12 <C:/Users/zhang/Dropbox/Work/GiovanniParmigiani/dataset-heterogeneity/brea
st_masomenos_filter_cutoff.pdf> <C:/Users/zhang/Dropbox/Work/GiovanniParmigiani
/dataset-heterogeneity/breast_ridge_filter_cutoff.pdf>] [13pdfTeX warning (ext4
): destination with the same identifier (name{figure.6}) has been already used,
 duplicate ignored

\AtBegShi@Output ...ipout \box \AtBeginShipoutBox 
                                                  \fi \fi 
l.339 \newpage
               <C:/Users/zhang/Dropbox/Work/GiovanniParmigiani/dataset-heteroge
neity/ovarian_masomenos_filter_cutoff.pdf>]
<boxplot_withCAL.pdf, id=280, 1084.05pt x 1084.05pt>
File: boxplot_withCAL.pdf Graphic file (type pdf)
 <use boxplot_withCAL.pdf>
Package pdftex.def Info: boxplot_withCAL.pdf used on input line 345.
(pdftex.def)             Requested size: 199.16928pt x 199.15665pt.

<boxplot_rmCAL.pdf, id=281, 1084.05pt x 1084.05pt>
File: boxplot_rmCAL.pdf Graphic file (type pdf)
 <use boxplot_rmCAL.pdf>
Package pdftex.def Info: boxplot_rmCAL.pdf used on input line 349.
(pdftex.def)             Requested size: 199.16928pt x 199.15665pt.

<rmCAL_boxplot_breast_masomenos_withnames.pdf, id=284, 1011.78pt x 614.295pt>
File: rmCAL_boxplot_breast_masomenos_withnames.pdf Graphic file (type pdf)

<use rmCAL_boxplot_breast_masomenos_withnames.pdf>
Package pdftex.def Info: rmCAL_boxplot_breast_masomenos_withnames.pdf used on i
nput line 379.
(pdftex.def)             Requested size: 398.33858pt x 241.8518pt.
Package atveryend Info: Empty hook `BeforeClearDocument' on input line 385.
 [14pdfTeX warning (ext4): destination with the same identifier (name{figure.7}
) has been already used, duplicate ignored

\AtBegShi@Output ...ipout \box \AtBeginShipoutBox 
                                                  \fi \fi 
l.385 \end{document}
                    pdfTeX warning (ext4): destination with the same identifier
 (name{figure.8}) has been already used, duplicate ignored

\AtBegShi@Output ...ipout \box \AtBeginShipoutBox 
                                                  \fi \fi 
l.385 \end{document}
                     <C:/Users/zhang/Dropbox/Work/GiovanniParmigiani/dataset-he
terogeneity/boxplot_withCAL.pdf> <C:/Users/zhang/Dropbox/Work/GiovanniParmigian
i/dataset-heterogeneity/boxplot_rmCAL.pdf> <C:/Users/zhang/Dropbox/Work/Giovann
iParmigiani/dataset-heterogeneity/rmCAL_boxplot_breast_masomenos_withnames.pdf>
]
Package atveryend Info: Empty hook `AfterLastShipout' on input line 385.

(C:\Users\zhang\Dropbox\Work\GiovanniParmigiani\dataset-heterogeneity\supplemen
t_2016-08-28.aux)
Package atveryend Info: Executing hook `AtVeryEndDocument' on input line 385.
Package atveryend Info: Executing hook `AtEndAfterFileList' on input line 385.
Package rerunfilecheck Info: File `supplement_2016-08-28.out' has not changed.
(rerunfilecheck)             Checksum: 9E5C1EE491E5F3199D377E15F7E1C554;730.
 ) 
Here is how much of TeX's memory you used:
 6893 strings out of 495354
 98513 string characters out of 3183859
 212972 words of memory out of 3000000
 9936 multiletter control sequences out of 15000+200000
 9415 words of font info for 34 fonts, out of 3000000 for 9000
 14 hyphenation exceptions out of 8191
 33i,12n,43p,1204b,328s stack positions out of 5000i,500n,10000p,200000b,50000s
<C:/CTEX/MiKTeX/fonts/type1/public/amsfonts/cm/cmbx10.pfb><C:/CTEX/MiKTeX/fon
ts/type1/public/amsfonts/cm/cmbx12.pfb><C:/CTEX/MiKTeX/fonts/type1/public/amsfo
nts/cm/cmr10.pfb><C:/CTEX/MiKTeX/fonts/type1/public/amsfonts/cm/cmr12.pfb><C:/C
TEX/MiKTeX/fonts/type1/public/amsfonts/cm/cmr17.pfb><C:/CTEX/MiKTeX/fonts/type1
/public/amsfonts/cm/cmsl10.pfb><C:/CTEX/MiKTeX/fonts/type1/public/amsfonts/cm/c
mti10.pfb>
Output written on supplement_2016-08-28.pdf (14 pages, 285727 bytes).
PDF statistics:
 340 PDF objects out of 1000 (max. 8388607)
 36 named destinations out of 1000 (max. 500000)
 208 words of extra memory for PDF output out of 10000 (max. 10000000)

